<?xml version="1.0" encoding="UTF-8"?>
<!-- Generated by org.testng.reporters.JUnitReportReporter -->
<testsuite hostname="DESKTOP-B35TLGG" failures="0" tests="10" name="com.vcentry.lab.testcases.CheckOutPageValidator" time="52.679" errors="0" timestamp="02 Aug 2022 18:43:04 GMT" skipped="0">
  <testcase classname="com.vcentry.lab.testcases.CheckOutPageValidator" name="validateCheckoutPage" time="4.427"/>
  <testcase classname="com.vcentry.lab.testcases.CheckOutPageValidator" name="validateCheckoutPage" time="4.079"/>
  <testcase classname="com.vcentry.lab.testcases.CheckOutPageValidator" name="validateCheckoutPage" time="5.154"/>
  <testcase classname="com.vcentry.lab.testcases.CheckOutPageValidator" name="validateCheckoutPage" time="4.803"/>
  <testcase classname="com.vcentry.lab.testcases.CheckOutPageValidator" name="validateCheckoutPage" time="5.005"/>
  <testcase classname="com.vcentry.lab.testcases.CheckOutPageValidator" name="validateCheckoutPage" time="4.533"/>
  <testcase classname="com.vcentry.lab.testcases.CheckOutPageValidator" name="validateCheckoutPage" time="4.639"/>
  <testcase classname="com.vcentry.lab.testcases.CheckOutPageValidator" name="validateCheckoutPage" time="4.594"/>
  <testcase classname="com.vcentry.lab.testcases.CheckOutPageValidator" name="validateCheckoutPage" time="4.317"/>
  <testcase classname="com.vcentry.lab.testcases.CheckOutPageValidator" name="validateCheckoutPage" time="11.128"/>
</testsuite> <!-- com.vcentry.lab.testcases.CheckOutPageValidator -->
