<?xml version="1.0" encoding="UTF-8"?>
<!-- Generated by org.testng.reporters.JUnitReportReporter -->
<testsuite hostname="DESKTOP-B35TLGG" failures="0" tests="3" name="com.vcentry.lab.testcases.CheckoutTest" time="19.261" errors="0" timestamp="27 Jul 2022 18:36:25 GMT" skipped="0">
  <testcase classname="com.vcentry.lab.testcases.CheckoutTest" name="validateCheckoutPage" time="8.562"/>
  <testcase classname="com.vcentry.lab.testcases.CheckoutTest" name="validateCheckoutPage" time="4.942"/>
  <testcase classname="com.vcentry.lab.testcases.CheckoutTest" name="validateCheckoutPage" time="5.757"/>
</testsuite> <!-- com.vcentry.lab.testcases.CheckoutTest -->
